<?xml version="1.0" encoding="UTF-8"?>
<testng-results ignored="0" total="1" passed="1" failed="0" skipped="0">
  <reporter-output>
  </reporter-output>
  <suite started-at="2020-02-23T19:31:08 AEST" name="Surefire suite" finished-at="2020-02-23T19:31:08 AEST" duration-ms="86">
    <groups>
    </groups>
    <test started-at="2020-02-23T19:31:08 AEST" name="Surefire test" finished-at="2020-02-23T19:31:08 AEST" duration-ms="86">
      <class name="SeleniumProject.APITest">
        <test-method signature="postman()[pri:0, instance:SeleniumProject.APITest@543e710e]" started-at="2020-02-23T19:31:08 AEST" name="postman" finished-at="2020-02-23T19:31:08 AEST" duration-ms="11" status="PASS">
          <reporter-output>
          </reporter-output>
        </test-method> <!-- postman -->
      </class> <!-- SeleniumProject.APITest -->
    </test> <!-- Surefire test -->
  </suite> <!-- Surefire suite -->
</testng-results>
