<?xml version="1.0" encoding="UTF-8"?>
<testng-results ignored="0" total="1" passed="1" failed="0" skipped="0">
  <reporter-output>
  </reporter-output>
  <suite started-at="2020-02-23T19:26:16 AEST" name="Default suite" finished-at="2020-02-23T19:26:16 AEST" duration-ms="81">
    <groups>
    </groups>
    <test started-at="2020-02-23T19:26:16 AEST" name="Default test" finished-at="2020-02-23T19:26:16 AEST" duration-ms="81">
      <class name="SeleniumProject.APITest">
        <test-method signature="postman()[pri:0, instance:SeleniumProject.APITest@60dcc9fe]" started-at="2020-02-23T19:26:16 AEST" name="postman" finished-at="2020-02-23T19:26:16 AEST" duration-ms="14" status="PASS">
          <reporter-output>
          </reporter-output>
        </test-method> <!-- postman -->
      </class> <!-- SeleniumProject.APITest -->
    </test> <!-- Default test -->
  </suite> <!-- Default suite -->
</testng-results>
